<html>
<head>
<title>TestNG:  Free CRM App Test Cases</title>
<link href="../testng.css" rel="stylesheet" type="text/css" />
<link href="../my-testng.css" rel="stylesheet" type="text/css" />

<style type="text/css">
.log { display: none;} 
.stack-trace { display: none;} 
</style>
<script type="text/javascript">
<!--
function flip(e) {
  current = e.style.display;
  if (current == 'block') {
    e.style.display = 'none';
    return 0;
  }
  else {
    e.style.display = 'block';
    return 1;
  }
}

function toggleBox(szDivId, elem, msg1, msg2)
{
  var res = -1;  if (document.getElementById) {
    res = flip(document.getElementById(szDivId));
  }
  else if (document.all) {
    // this is the way old msie versions work
    res = flip(document.all[szDivId]);
  }
  if(elem) {
    if(res == 0) elem.innerHTML = msg1; else elem.innerHTML = msg2;
  }

}

function toggleAllBoxes() {
  if (document.getElementsByTagName) {
    d = document.getElementsByTagName('div');
    for (i = 0; i < d.length; i++) {
      if (d[i].className == 'log') {
        flip(d[i]);
      }
    }
  }
}

// -->
</script>

</head>
<body>
<h2 align='center'>Free CRM App Test Cases</h2><table border='1' align="center">
<tr>
<td>Tests passed/Failed/Skipped:</td><td>67/18/0</td>
</tr><tr>
<td>Started on:</td><td>Thu Oct 01 11:33:00 IST 2020</td>
</tr>
<tr><td>Total time:</td><td>41 seconds (41052 ms)</td>
</tr><tr>
<td>Included groups:</td><td></td>
</tr><tr>
<td>Excluded groups:</td><td></td>
</tr>
</table><p/>
<small><i>(Hover the method name to see the test class name)</i></small><p/>
<table width='100%' border='1' class='invocation-failed'>
<tr><td colspan='4' align='center'><b>FAILED TESTS</b></td></tr>
<tr><td><b>Test method</b></td>
<td width="30%"><b>Exception</b></td>
<td width="10%"><b>Time (seconds)</b></td>
<td><b>Instance</b></td>
</tr>
<tr>
<td title='tests.commonAPI.CommonAPITests.getCitiesWithInvalidLocation()'><b>getCitiesWithInvalidLocation</b><br>Test class: tests.commonAPI.CommonAPITests<br>Test method: This test case is to validate get collection API to positive flow with location in request. We will validate the schema as well</td>
<td><div><pre>java.lang.AssertionError: expected [400] but found [500]
	at apiCalls.Common.getCities(Common.java:48)
	at tests.commonAPI.CommonAPITests.getCitiesWithInvalidLocation(CommonAPITests.java:174)
	at java.util.concurrent.ThreadPoolExecutor.runWorker(ThreadPoolExecutor.java:1149)
	at java.util.concurrent.ThreadPoolExecutor$Worker.run(ThreadPoolExecutor.java:624)
	at java.lang.Thread.run(Thread.java:748)
... Removed 16 stack frames</pre></div><a href='#' onClick='toggleBox("stack-trace668530969", this, "Click to show all stack frames", "Click to hide stack frames")'>Click to show all stack frames</a>
<div class='stack-trace' id='stack-trace668530969'><pre>java.lang.AssertionError: expected [400] but found [500]
	at org.testng.Assert.fail(Assert.java:96)
	at org.testng.Assert.failNotEquals(Assert.java:776)
	at org.testng.Assert.assertEqualsImpl(Assert.java:137)
	at org.testng.Assert.assertEquals(Assert.java:118)
	at org.testng.Assert.assertEquals(Assert.java:652)
	at org.testng.Assert.assertEquals(Assert.java:662)
	at apiCalls.Common.getCities(Common.java:48)
	at tests.commonAPI.CommonAPITests.getCitiesWithInvalidLocation(CommonAPITests.java:174)
	at sun.reflect.NativeMethodAccessorImpl.invoke0(Native Method)
	at sun.reflect.NativeMethodAccessorImpl.invoke(NativeMethodAccessorImpl.java:62)
	at sun.reflect.DelegatingMethodAccessorImpl.invoke(DelegatingMethodAccessorImpl.java:43)
	at java.lang.reflect.Method.invoke(Method.java:498)
	at org.testng.internal.MethodInvocationHelper.invokeMethod(MethodInvocationHelper.java:124)
	at org.testng.internal.Invoker.invokeMethod(Invoker.java:583)
	at org.testng.internal.Invoker.invokeTestMethod(Invoker.java:719)
	at org.testng.internal.Invoker.invokeTestMethods(Invoker.java:989)
	at org.testng.internal.TestMethodWorker.invokeTestMethods(TestMethodWorker.java:125)
	at org.testng.internal.TestMethodWorker.run(TestMethodWorker.java:109)
	at java.util.concurrent.ThreadPoolExecutor.runWorker(ThreadPoolExecutor.java:1149)
	at java.util.concurrent.ThreadPoolExecutor$Worker.run(ThreadPoolExecutor.java:624)
	at java.lang.Thread.run(Thread.java:748)
</pre></div></td>
<td>0</td>
<td>tests.commonAPI.CommonAPITests@77caeb3e</td></tr>
<tr>
<td title='tests.commonAPI.CommonAPITests.getCityWithDiffCount()'><b>getCityWithDiffCount</b><br>Test class: tests.commonAPI.CommonAPITests<br>Test method: This test case is to validate get City when count param is passed in request<br>Parameters: q, Ba, 0, 0</td>
<td><div><pre>java.lang.AssertionError: expected [0] but found [10]
	at tests.commonAPI.CommonAPITests.getCityWithDiffCount(CommonAPITests.java:86)
	at java.util.concurrent.ThreadPoolExecutor.runWorker(ThreadPoolExecutor.java:1149)
	at java.util.concurrent.ThreadPoolExecutor$Worker.run(ThreadPoolExecutor.java:624)
	at java.lang.Thread.run(Thread.java:748)
... Removed 16 stack frames</pre></div><a href='#' onClick='toggleBox("stack-trace2017111247", this, "Click to show all stack frames", "Click to hide stack frames")'>Click to show all stack frames</a>
<div class='stack-trace' id='stack-trace2017111247'><pre>java.lang.AssertionError: expected [0] but found [10]
	at org.testng.Assert.fail(Assert.java:96)
	at org.testng.Assert.failNotEquals(Assert.java:776)
	at org.testng.Assert.assertEqualsImpl(Assert.java:137)
	at org.testng.Assert.assertEquals(Assert.java:118)
	at org.testng.Assert.assertEquals(Assert.java:652)
	at org.testng.Assert.assertEquals(Assert.java:662)
	at tests.commonAPI.CommonAPITests.getCityWithDiffCount(CommonAPITests.java:86)
	at sun.reflect.NativeMethodAccessorImpl.invoke0(Native Method)
	at sun.reflect.NativeMethodAccessorImpl.invoke(NativeMethodAccessorImpl.java:62)
	at sun.reflect.DelegatingMethodAccessorImpl.invoke(DelegatingMethodAccessorImpl.java:43)
	at java.lang.reflect.Method.invoke(Method.java:498)
	at org.testng.internal.MethodInvocationHelper.invokeMethod(MethodInvocationHelper.java:124)
	at org.testng.internal.Invoker.invokeMethod(Invoker.java:583)
	at org.testng.internal.Invoker.invokeTestMethod(Invoker.java:719)
	at org.testng.internal.Invoker.invokeTestMethods(Invoker.java:989)
	at org.testng.internal.TestMethodWorker.invokeTestMethods(TestMethodWorker.java:125)
	at org.testng.internal.TestMethodWorker.run(TestMethodWorker.java:109)
	at java.util.concurrent.ThreadPoolExecutor.runWorker(ThreadPoolExecutor.java:1149)
	at java.util.concurrent.ThreadPoolExecutor$Worker.run(ThreadPoolExecutor.java:624)
	at java.lang.Thread.run(Thread.java:748)
</pre></div></td>
<td>1</td>
<td>tests.commonAPI.CommonAPITests@77caeb3e</td></tr>
<tr>
<td title='tests.commonAPI.CommonAPITests.getCityWithDiffCount()'><b>getCityWithDiffCount</b><br>Test class: tests.commonAPI.CommonAPITests<br>Test method: This test case is to validate get City when count param is passed in request<br>Parameters: q, Ba, 11, 11</td>
<td><div><pre>java.lang.AssertionError: expected [11] but found [10]
	at tests.commonAPI.CommonAPITests.getCityWithDiffCount(CommonAPITests.java:86)
	at java.util.concurrent.ThreadPoolExecutor.runWorker(ThreadPoolExecutor.java:1149)
	at java.util.concurrent.ThreadPoolExecutor$Worker.run(ThreadPoolExecutor.java:624)
	at java.lang.Thread.run(Thread.java:748)
... Removed 16 stack frames</pre></div><a href='#' onClick='toggleBox("stack-trace723713075", this, "Click to show all stack frames", "Click to hide stack frames")'>Click to show all stack frames</a>
<div class='stack-trace' id='stack-trace723713075'><pre>java.lang.AssertionError: expected [11] but found [10]
	at org.testng.Assert.fail(Assert.java:96)
	at org.testng.Assert.failNotEquals(Assert.java:776)
	at org.testng.Assert.assertEqualsImpl(Assert.java:137)
	at org.testng.Assert.assertEquals(Assert.java:118)
	at org.testng.Assert.assertEquals(Assert.java:652)
	at org.testng.Assert.assertEquals(Assert.java:662)
	at tests.commonAPI.CommonAPITests.getCityWithDiffCount(CommonAPITests.java:86)
	at sun.reflect.NativeMethodAccessorImpl.invoke0(Native Method)
	at sun.reflect.NativeMethodAccessorImpl.invoke(NativeMethodAccessorImpl.java:62)
	at sun.reflect.DelegatingMethodAccessorImpl.invoke(DelegatingMethodAccessorImpl.java:43)
	at java.lang.reflect.Method.invoke(Method.java:498)
	at org.testng.internal.MethodInvocationHelper.invokeMethod(MethodInvocationHelper.java:124)
	at org.testng.internal.Invoker.invokeMethod(Invoker.java:583)
	at org.testng.internal.Invoker.invokeTestMethod(Invoker.java:719)
	at org.testng.internal.Invoker.invokeTestMethods(Invoker.java:989)
	at org.testng.internal.TestMethodWorker.invokeTestMethods(TestMethodWorker.java:125)
	at org.testng.internal.TestMethodWorker.run(TestMethodWorker.java:109)
	at java.util.concurrent.ThreadPoolExecutor.runWorker(ThreadPoolExecutor.java:1149)
	at java.util.concurrent.ThreadPoolExecutor$Worker.run(ThreadPoolExecutor.java:624)
	at java.lang.Thread.run(Thread.java:748)
</pre></div></td>
<td>1</td>
<td>tests.commonAPI.CommonAPITests@77caeb3e</td></tr>
<tr>
<td title='tests.commonAPI.CommonAPITests.getCityWithDiffParam()'><b>getCityWithDiffParam</b><br>Test class: tests.commonAPI.CommonAPITests<br>Parameters: q, 1,1,1,1,1, 1</td>
<td><div><pre>java.lang.AssertionError: expected [1] but found [0]
	at tests.commonAPI.CommonAPITests.getCityWithDiffParam(CommonAPITests.java:77)
	at java.util.concurrent.ThreadPoolExecutor.runWorker(ThreadPoolExecutor.java:1149)
	at java.util.concurrent.ThreadPoolExecutor$Worker.run(ThreadPoolExecutor.java:624)
	at java.lang.Thread.run(Thread.java:748)
... Removed 16 stack frames</pre></div><a href='#' onClick='toggleBox("stack-trace1995203559", this, "Click to show all stack frames", "Click to hide stack frames")'>Click to show all stack frames</a>
<div class='stack-trace' id='stack-trace1995203559'><pre>java.lang.AssertionError: expected [1] but found [0]
	at org.testng.Assert.fail(Assert.java:96)
	at org.testng.Assert.failNotEquals(Assert.java:776)
	at org.testng.Assert.assertEqualsImpl(Assert.java:137)
	at org.testng.Assert.assertEquals(Assert.java:118)
	at org.testng.Assert.assertEquals(Assert.java:652)
	at org.testng.Assert.assertEquals(Assert.java:662)
	at tests.commonAPI.CommonAPITests.getCityWithDiffParam(CommonAPITests.java:77)
	at sun.reflect.NativeMethodAccessorImpl.invoke0(Native Method)
	at sun.reflect.NativeMethodAccessorImpl.invoke(NativeMethodAccessorImpl.java:62)
	at sun.reflect.DelegatingMethodAccessorImpl.invoke(DelegatingMethodAccessorImpl.java:43)
	at java.lang.reflect.Method.invoke(Method.java:498)
	at org.testng.internal.MethodInvocationHelper.invokeMethod(MethodInvocationHelper.java:124)
	at org.testng.internal.Invoker.invokeMethod(Invoker.java:583)
	at org.testng.internal.Invoker.invokeTestMethod(Invoker.java:719)
	at org.testng.internal.Invoker.invokeTestMethods(Invoker.java:989)
	at org.testng.internal.TestMethodWorker.invokeTestMethods(TestMethodWorker.java:125)
	at org.testng.internal.TestMethodWorker.run(TestMethodWorker.java:109)
	at java.util.concurrent.ThreadPoolExecutor.runWorker(ThreadPoolExecutor.java:1149)
	at java.util.concurrent.ThreadPoolExecutor$Worker.run(ThreadPoolExecutor.java:624)
	at java.lang.Thread.run(Thread.java:748)
</pre></div></td>
<td>0</td>
<td>tests.commonAPI.CommonAPITests@77caeb3e</td></tr>
<tr>
<td title='tests.commonAPI.CommonAPITests.getCityWithDiffParam()'><b>getCityWithDiffParam</b><br>Test class: tests.commonAPI.CommonAPITests<br>Parameters: q, oAYMqMpDA, 0</td>
<td><div><pre>java.lang.AssertionError: expected [0] but found [3]
	at tests.commonAPI.CommonAPITests.getCityWithDiffParam(CommonAPITests.java:77)
	at java.util.concurrent.ThreadPoolExecutor.runWorker(ThreadPoolExecutor.java:1149)
	at java.util.concurrent.ThreadPoolExecutor$Worker.run(ThreadPoolExecutor.java:624)
	at java.lang.Thread.run(Thread.java:748)
... Removed 16 stack frames</pre></div><a href='#' onClick='toggleBox("stack-trace197826602", this, "Click to show all stack frames", "Click to hide stack frames")'>Click to show all stack frames</a>
<div class='stack-trace' id='stack-trace197826602'><pre>java.lang.AssertionError: expected [0] but found [3]
	at org.testng.Assert.fail(Assert.java:96)
	at org.testng.Assert.failNotEquals(Assert.java:776)
	at org.testng.Assert.assertEqualsImpl(Assert.java:137)
	at org.testng.Assert.assertEquals(Assert.java:118)
	at org.testng.Assert.assertEquals(Assert.java:652)
	at org.testng.Assert.assertEquals(Assert.java:662)
	at tests.commonAPI.CommonAPITests.getCityWithDiffParam(CommonAPITests.java:77)
	at sun.reflect.NativeMethodAccessorImpl.invoke0(Native Method)
	at sun.reflect.NativeMethodAccessorImpl.invoke(NativeMethodAccessorImpl.java:62)
	at sun.reflect.DelegatingMethodAccessorImpl.invoke(DelegatingMethodAccessorImpl.java:43)
	at java.lang.reflect.Method.invoke(Method.java:498)
	at org.testng.internal.MethodInvocationHelper.invokeMethod(MethodInvocationHelper.java:124)
	at org.testng.internal.Invoker.invokeMethod(Invoker.java:583)
	at org.testng.internal.Invoker.invokeTestMethod(Invoker.java:719)
	at org.testng.internal.Invoker.invokeTestMethods(Invoker.java:989)
	at org.testng.internal.TestMethodWorker.invokeTestMethods(TestMethodWorker.java:125)
	at org.testng.internal.TestMethodWorker.run(TestMethodWorker.java:109)
	at java.util.concurrent.ThreadPoolExecutor.runWorker(ThreadPoolExecutor.java:1149)
	at java.util.concurrent.ThreadPoolExecutor$Worker.run(ThreadPoolExecutor.java:624)
	at java.lang.Thread.run(Thread.java:748)
</pre></div></td>
<td>0</td>
<td>tests.commonAPI.CommonAPITests@77caeb3e</td></tr>
<tr>
<td title='tests.commonAPI.CommonAPITests.getCityWithInvalidIdNameCombination()'><b>getCityWithInvalidIdNameCombination</b><br>Test class: tests.commonAPI.CommonAPITests<br>Test method: This test case is to validate when invalid combination of qParam is passed in request for get cities API</td>
<td><div><pre>java.lang.AssertionError: expected [0] but found [1]
	at tests.commonAPI.CommonAPITests.getCityWithInvalidIdNameCombination(CommonAPITests.java:134)
	at java.util.concurrent.ThreadPoolExecutor.runWorker(ThreadPoolExecutor.java:1149)
	at java.util.concurrent.ThreadPoolExecutor$Worker.run(ThreadPoolExecutor.java:624)
	at java.lang.Thread.run(Thread.java:748)
... Removed 16 stack frames</pre></div><a href='#' onClick='toggleBox("stack-trace1141498811", this, "Click to show all stack frames", "Click to hide stack frames")'>Click to show all stack frames</a>
<div class='stack-trace' id='stack-trace1141498811'><pre>java.lang.AssertionError: expected [0] but found [1]
	at org.testng.Assert.fail(Assert.java:96)
	at org.testng.Assert.failNotEquals(Assert.java:776)
	at org.testng.Assert.assertEqualsImpl(Assert.java:137)
	at org.testng.Assert.assertEquals(Assert.java:118)
	at org.testng.Assert.assertEquals(Assert.java:652)
	at org.testng.Assert.assertEquals(Assert.java:662)
	at tests.commonAPI.CommonAPITests.getCityWithInvalidIdNameCombination(CommonAPITests.java:134)
	at sun.reflect.NativeMethodAccessorImpl.invoke0(Native Method)
	at sun.reflect.NativeMethodAccessorImpl.invoke(NativeMethodAccessorImpl.java:62)
	at sun.reflect.DelegatingMethodAccessorImpl.invoke(DelegatingMethodAccessorImpl.java:43)
	at java.lang.reflect.Method.invoke(Method.java:498)
	at org.testng.internal.MethodInvocationHelper.invokeMethod(MethodInvocationHelper.java:124)
	at org.testng.internal.Invoker.invokeMethod(Invoker.java:583)
	at org.testng.internal.Invoker.invokeTestMethod(Invoker.java:719)
	at org.testng.internal.Invoker.invokeTestMethods(Invoker.java:989)
	at org.testng.internal.TestMethodWorker.invokeTestMethods(TestMethodWorker.java:125)
	at org.testng.internal.TestMethodWorker.run(TestMethodWorker.java:109)
	at java.util.concurrent.ThreadPoolExecutor.runWorker(ThreadPoolExecutor.java:1149)
	at java.util.concurrent.ThreadPoolExecutor$Worker.run(ThreadPoolExecutor.java:624)
	at java.lang.Thread.run(Thread.java:748)
</pre></div></td>
<td>0</td>
<td>tests.commonAPI.CommonAPITests@77caeb3e</td></tr>
<tr>
<td title='tests.commonAPI.CommonAPITests.getCityWithInvalidQParam()'><b>getCityWithInvalidQParam</b><br>Test class: tests.commonAPI.CommonAPITests<br>Test method: This test case is to validate get Cities api when wrong Qparam is passed in request ideally API should through Bad request<br>Parameters: RCiZ, Ba</td>
<td><div><pre>java.lang.AssertionError: expected [400] but found [200]
	at apiCalls.Common.getCities(Common.java:48)
	at tests.commonAPI.CommonAPITests.getCityWithInvalidQParam(CommonAPITests.java:93)
	at java.util.concurrent.ThreadPoolExecutor.runWorker(ThreadPoolExecutor.java:1149)
	at java.util.concurrent.ThreadPoolExecutor$Worker.run(ThreadPoolExecutor.java:624)
	at java.lang.Thread.run(Thread.java:748)
... Removed 16 stack frames</pre></div><a href='#' onClick='toggleBox("stack-trace1115832995", this, "Click to show all stack frames", "Click to hide stack frames")'>Click to show all stack frames</a>
<div class='stack-trace' id='stack-trace1115832995'><pre>java.lang.AssertionError: expected [400] but found [200]
	at org.testng.Assert.fail(Assert.java:96)
	at org.testng.Assert.failNotEquals(Assert.java:776)
	at org.testng.Assert.assertEqualsImpl(Assert.java:137)
	at org.testng.Assert.assertEquals(Assert.java:118)
	at org.testng.Assert.assertEquals(Assert.java:652)
	at org.testng.Assert.assertEquals(Assert.java:662)
	at apiCalls.Common.getCities(Common.java:48)
	at tests.commonAPI.CommonAPITests.getCityWithInvalidQParam(CommonAPITests.java:93)
	at sun.reflect.NativeMethodAccessorImpl.invoke0(Native Method)
	at sun.reflect.NativeMethodAccessorImpl.invoke(NativeMethodAccessorImpl.java:62)
	at sun.reflect.DelegatingMethodAccessorImpl.invoke(DelegatingMethodAccessorImpl.java:43)
	at java.lang.reflect.Method.invoke(Method.java:498)
	at org.testng.internal.MethodInvocationHelper.invokeMethod(MethodInvocationHelper.java:124)
	at org.testng.internal.Invoker.invokeMethod(Invoker.java:583)
	at org.testng.internal.Invoker.invokeTestMethod(Invoker.java:719)
	at org.testng.internal.Invoker.invokeTestMethods(Invoker.java:989)
	at org.testng.internal.TestMethodWorker.invokeTestMethods(TestMethodWorker.java:125)
	at org.testng.internal.TestMethodWorker.run(TestMethodWorker.java:109)
	at java.util.concurrent.ThreadPoolExecutor.runWorker(ThreadPoolExecutor.java:1149)
	at java.util.concurrent.ThreadPoolExecutor$Worker.run(ThreadPoolExecutor.java:624)
	at java.lang.Thread.run(Thread.java:748)
</pre></div></td>
<td>0</td>
<td>tests.commonAPI.CommonAPITests@77caeb3e</td></tr>
<tr>
<td title='tests.commonAPI.CommonAPITests.getCityWithInvalidQParam()'><b>getCityWithInvalidQParam</b><br>Test class: tests.commonAPI.CommonAPITests<br>Test method: This test case is to validate get Cities api when wrong Qparam is passed in request ideally API should through Bad request<br>Parameters: gHs, 1</td>
<td><div><pre>java.lang.AssertionError: expected [400] but found [200]
	at apiCalls.Common.getCities(Common.java:48)
	at tests.commonAPI.CommonAPITests.getCityWithInvalidQParam(CommonAPITests.java:93)
	at java.util.concurrent.ThreadPoolExecutor.runWorker(ThreadPoolExecutor.java:1149)
	at java.util.concurrent.ThreadPoolExecutor$Worker.run(ThreadPoolExecutor.java:624)
	at java.lang.Thread.run(Thread.java:748)
... Removed 16 stack frames</pre></div><a href='#' onClick='toggleBox("stack-trace1759624053", this, "Click to show all stack frames", "Click to hide stack frames")'>Click to show all stack frames</a>
<div class='stack-trace' id='stack-trace1759624053'><pre>java.lang.AssertionError: expected [400] but found [200]
	at org.testng.Assert.fail(Assert.java:96)
	at org.testng.Assert.failNotEquals(Assert.java:776)
	at org.testng.Assert.assertEqualsImpl(Assert.java:137)
	at org.testng.Assert.assertEquals(Assert.java:118)
	at org.testng.Assert.assertEquals(Assert.java:652)
	at org.testng.Assert.assertEquals(Assert.java:662)
	at apiCalls.Common.getCities(Common.java:48)
	at tests.commonAPI.CommonAPITests.getCityWithInvalidQParam(CommonAPITests.java:93)
	at sun.reflect.NativeMethodAccessorImpl.invoke0(Native Method)
	at sun.reflect.NativeMethodAccessorImpl.invoke(NativeMethodAccessorImpl.java:62)
	at sun.reflect.DelegatingMethodAccessorImpl.invoke(DelegatingMethodAccessorImpl.java:43)
	at java.lang.reflect.Method.invoke(Method.java:498)
	at org.testng.internal.MethodInvocationHelper.invokeMethod(MethodInvocationHelper.java:124)
	at org.testng.internal.Invoker.invokeMethod(Invoker.java:583)
	at org.testng.internal.Invoker.invokeTestMethod(Invoker.java:719)
	at org.testng.internal.Invoker.invokeTestMethods(Invoker.java:989)
	at org.testng.internal.TestMethodWorker.invokeTestMethods(TestMethodWorker.java:125)
	at org.testng.internal.TestMethodWorker.run(TestMethodWorker.java:109)
	at java.util.concurrent.ThreadPoolExecutor.runWorker(ThreadPoolExecutor.java:1149)
	at java.util.concurrent.ThreadPoolExecutor$Worker.run(ThreadPoolExecutor.java:624)
	at java.lang.Thread.run(Thread.java:748)
</pre></div></td>
<td>0</td>
<td>tests.commonAPI.CommonAPITests@77caeb3e</td></tr>
<tr>
<td title='tests.commonAPI.CommonAPITests.getCollectionWithInvalidCityId()'><b>getCollectionWithInvalidCityId</b><br>Test class: tests.commonAPI.CommonAPITests<br>Test method: This test case is to validate get collection API to positive flow with location in request. We will validate the schema as well</td>
<td><div><pre>java.lang.AssertionError: expected [400] but found [200]
	at apiCalls.Common.getCollection(Common.java:60)
	at tests.commonAPI.CommonAPITests.getCollectionWithInvalidCityId(CommonAPITests.java:181)
	at java.util.concurrent.ThreadPoolExecutor.runWorker(ThreadPoolExecutor.java:1149)
	at java.util.concurrent.ThreadPoolExecutor$Worker.run(ThreadPoolExecutor.java:624)
	at java.lang.Thread.run(Thread.java:748)
... Removed 16 stack frames</pre></div><a href='#' onClick='toggleBox("stack-trace11057377", this, "Click to show all stack frames", "Click to hide stack frames")'>Click to show all stack frames</a>
<div class='stack-trace' id='stack-trace11057377'><pre>java.lang.AssertionError: expected [400] but found [200]
	at org.testng.Assert.fail(Assert.java:96)
	at org.testng.Assert.failNotEquals(Assert.java:776)
	at org.testng.Assert.assertEqualsImpl(Assert.java:137)
	at org.testng.Assert.assertEquals(Assert.java:118)
	at org.testng.Assert.assertEquals(Assert.java:652)
	at org.testng.Assert.assertEquals(Assert.java:662)
	at apiCalls.Common.getCollection(Common.java:60)
	at tests.commonAPI.CommonAPITests.getCollectionWithInvalidCityId(CommonAPITests.java:181)
	at sun.reflect.NativeMethodAccessorImpl.invoke0(Native Method)
	at sun.reflect.NativeMethodAccessorImpl.invoke(NativeMethodAccessorImpl.java:62)
	at sun.reflect.DelegatingMethodAccessorImpl.invoke(DelegatingMethodAccessorImpl.java:43)
	at java.lang.reflect.Method.invoke(Method.java:498)
	at org.testng.internal.MethodInvocationHelper.invokeMethod(MethodInvocationHelper.java:124)
	at org.testng.internal.Invoker.invokeMethod(Invoker.java:583)
	at org.testng.internal.Invoker.invokeTestMethod(Invoker.java:719)
	at org.testng.internal.Invoker.invokeTestMethods(Invoker.java:989)
	at org.testng.internal.TestMethodWorker.invokeTestMethods(TestMethodWorker.java:125)
	at org.testng.internal.TestMethodWorker.run(TestMethodWorker.java:109)
	at java.util.concurrent.ThreadPoolExecutor.runWorker(ThreadPoolExecutor.java:1149)
	at java.util.concurrent.ThreadPoolExecutor$Worker.run(ThreadPoolExecutor.java:624)
	at java.lang.Thread.run(Thread.java:748)
</pre></div></td>
<td>0</td>
<td>tests.commonAPI.CommonAPITests@77caeb3e</td></tr>
<tr>
<td title='tests.commonAPI.CommonAPITests.getCollectionWithInvalidLocation()'><b>getCollectionWithInvalidLocation</b><br>Test class: tests.commonAPI.CommonAPITests<br>Test method: This test case is to validate get collection API to positive flow with location in request. We will validate the schema as well</td>
<td><div><pre>java.lang.AssertionError: expected [400] but found [500]
	at apiCalls.Common.getCollection(Common.java:60)
	at tests.commonAPI.CommonAPITests.getCollectionWithInvalidLocation(CommonAPITests.java:166)
	at java.util.concurrent.ThreadPoolExecutor.runWorker(ThreadPoolExecutor.java:1149)
	at java.util.concurrent.ThreadPoolExecutor$Worker.run(ThreadPoolExecutor.java:624)
	at java.lang.Thread.run(Thread.java:748)
... Removed 16 stack frames</pre></div><a href='#' onClick='toggleBox("stack-trace1315803808", this, "Click to show all stack frames", "Click to hide stack frames")'>Click to show all stack frames</a>
<div class='stack-trace' id='stack-trace1315803808'><pre>java.lang.AssertionError: expected [400] but found [500]
	at org.testng.Assert.fail(Assert.java:96)
	at org.testng.Assert.failNotEquals(Assert.java:776)
	at org.testng.Assert.assertEqualsImpl(Assert.java:137)
	at org.testng.Assert.assertEquals(Assert.java:118)
	at org.testng.Assert.assertEquals(Assert.java:652)
	at org.testng.Assert.assertEquals(Assert.java:662)
	at apiCalls.Common.getCollection(Common.java:60)
	at tests.commonAPI.CommonAPITests.getCollectionWithInvalidLocation(CommonAPITests.java:166)
	at sun.reflect.NativeMethodAccessorImpl.invoke0(Native Method)
	at sun.reflect.NativeMethodAccessorImpl.invoke(NativeMethodAccessorImpl.java:62)
	at sun.reflect.DelegatingMethodAccessorImpl.invoke(DelegatingMethodAccessorImpl.java:43)
	at java.lang.reflect.Method.invoke(Method.java:498)
	at org.testng.internal.MethodInvocationHelper.invokeMethod(MethodInvocationHelper.java:124)
	at org.testng.internal.Invoker.invokeMethod(Invoker.java:583)
	at org.testng.internal.Invoker.invokeTestMethod(Invoker.java:719)
	at org.testng.internal.Invoker.invokeTestMethods(Invoker.java:989)
	at org.testng.internal.TestMethodWorker.invokeTestMethods(TestMethodWorker.java:125)
	at org.testng.internal.TestMethodWorker.run(TestMethodWorker.java:109)
	at java.util.concurrent.ThreadPoolExecutor.runWorker(ThreadPoolExecutor.java:1149)
	at java.util.concurrent.ThreadPoolExecutor$Worker.run(ThreadPoolExecutor.java:624)
	at java.lang.Thread.run(Thread.java:748)
</pre></div></td>
<td>0</td>
<td>tests.commonAPI.CommonAPITests@77caeb3e</td></tr>
<tr>
<td title='tests.location.LocationAPITests.getLocationMissingParam()'><b>getLocationMissingParam</b><br>Test class: tests.location.LocationAPITests<br>Test method: This test case is to validate get location api when query params are missing</td>
<td><div><pre>java.lang.AssertionError: expected [400] but found [200]
	at apiCalls.Location.getLocation(Location.java:32)
	at tests.location.LocationAPITests.getLocationMissingParam(LocationAPITests.java:61)
	at java.util.concurrent.ThreadPoolExecutor.runWorker(ThreadPoolExecutor.java:1149)
	at java.util.concurrent.ThreadPoolExecutor$Worker.run(ThreadPoolExecutor.java:624)
	at java.lang.Thread.run(Thread.java:748)
... Removed 16 stack frames</pre></div><a href='#' onClick='toggleBox("stack-trace2029167251", this, "Click to show all stack frames", "Click to hide stack frames")'>Click to show all stack frames</a>
<div class='stack-trace' id='stack-trace2029167251'><pre>java.lang.AssertionError: expected [400] but found [200]
	at org.testng.Assert.fail(Assert.java:96)
	at org.testng.Assert.failNotEquals(Assert.java:776)
	at org.testng.Assert.assertEqualsImpl(Assert.java:137)
	at org.testng.Assert.assertEquals(Assert.java:118)
	at org.testng.Assert.assertEquals(Assert.java:652)
	at org.testng.Assert.assertEquals(Assert.java:662)
	at apiCalls.Location.getLocation(Location.java:32)
	at tests.location.LocationAPITests.getLocationMissingParam(LocationAPITests.java:61)
	at sun.reflect.NativeMethodAccessorImpl.invoke0(Native Method)
	at sun.reflect.NativeMethodAccessorImpl.invoke(NativeMethodAccessorImpl.java:62)
	at sun.reflect.DelegatingMethodAccessorImpl.invoke(DelegatingMethodAccessorImpl.java:43)
	at java.lang.reflect.Method.invoke(Method.java:498)
	at org.testng.internal.MethodInvocationHelper.invokeMethod(MethodInvocationHelper.java:124)
	at org.testng.internal.Invoker.invokeMethod(Invoker.java:583)
	at org.testng.internal.Invoker.invokeTestMethod(Invoker.java:719)
	at org.testng.internal.Invoker.invokeTestMethods(Invoker.java:989)
	at org.testng.internal.TestMethodWorker.invokeTestMethods(TestMethodWorker.java:125)
	at org.testng.internal.TestMethodWorker.run(TestMethodWorker.java:109)
	at java.util.concurrent.ThreadPoolExecutor.runWorker(ThreadPoolExecutor.java:1149)
	at java.util.concurrent.ThreadPoolExecutor$Worker.run(ThreadPoolExecutor.java:624)
	at java.lang.Thread.run(Thread.java:748)
</pre></div></td>
<td>0</td>
<td>tests.location.LocationAPITests@66a3ffec</td></tr>
<tr>
<td title='tests.location.LocationAPITests.getLocationMissingParam()'><b>getLocationMissingParam</b><br>Test class: tests.location.LocationAPITests<br>Test method: This test case is to validate get location api when invalid param are sent in request<br>Parameters: ypTW, Ba</td>
<td><div><pre>java.lang.AssertionError: expected [400] but found [200]
	at apiCalls.Location.getLocation(Location.java:32)
	at tests.location.LocationAPITests.getLocationMissingParam(LocationAPITests.java:69)
	at java.util.concurrent.ThreadPoolExecutor.runWorker(ThreadPoolExecutor.java:1149)
	at java.util.concurrent.ThreadPoolExecutor$Worker.run(ThreadPoolExecutor.java:624)
	at java.lang.Thread.run(Thread.java:748)
... Removed 16 stack frames</pre></div><a href='#' onClick='toggleBox("stack-trace353169003", this, "Click to show all stack frames", "Click to hide stack frames")'>Click to show all stack frames</a>
<div class='stack-trace' id='stack-trace353169003'><pre>java.lang.AssertionError: expected [400] but found [200]
	at org.testng.Assert.fail(Assert.java:96)
	at org.testng.Assert.failNotEquals(Assert.java:776)
	at org.testng.Assert.assertEqualsImpl(Assert.java:137)
	at org.testng.Assert.assertEquals(Assert.java:118)
	at org.testng.Assert.assertEquals(Assert.java:652)
	at org.testng.Assert.assertEquals(Assert.java:662)
	at apiCalls.Location.getLocation(Location.java:32)
	at tests.location.LocationAPITests.getLocationMissingParam(LocationAPITests.java:69)
	at sun.reflect.NativeMethodAccessorImpl.invoke0(Native Method)
	at sun.reflect.NativeMethodAccessorImpl.invoke(NativeMethodAccessorImpl.java:62)
	at sun.reflect.DelegatingMethodAccessorImpl.invoke(DelegatingMethodAccessorImpl.java:43)
	at java.lang.reflect.Method.invoke(Method.java:498)
	at org.testng.internal.MethodInvocationHelper.invokeMethod(MethodInvocationHelper.java:124)
	at org.testng.internal.Invoker.invokeMethod(Invoker.java:583)
	at org.testng.internal.Invoker.invokeTestMethod(Invoker.java:719)
	at org.testng.internal.Invoker.invokeTestMethods(Invoker.java:989)
	at org.testng.internal.TestMethodWorker.invokeTestMethods(TestMethodWorker.java:125)
	at org.testng.internal.TestMethodWorker.run(TestMethodWorker.java:109)
	at java.util.concurrent.ThreadPoolExecutor.runWorker(ThreadPoolExecutor.java:1149)
	at java.util.concurrent.ThreadPoolExecutor$Worker.run(ThreadPoolExecutor.java:624)
	at java.lang.Thread.run(Thread.java:748)
</pre></div></td>
<td>1</td>
<td>tests.location.LocationAPITests@66a3ffec</td></tr>
<tr>
<td title='tests.location.LocationAPITests.getLocationMissingParam()'><b>getLocationMissingParam</b><br>Test class: tests.location.LocationAPITests<br>Test method: This test case is to validate get location api when invalid param are sent in request<br>Parameters: Cip, 1</td>
<td><div><pre>java.lang.AssertionError: expected [400] but found [200]
	at apiCalls.Location.getLocation(Location.java:32)
	at tests.location.LocationAPITests.getLocationMissingParam(LocationAPITests.java:69)
	at java.util.concurrent.ThreadPoolExecutor.runWorker(ThreadPoolExecutor.java:1149)
	at java.util.concurrent.ThreadPoolExecutor$Worker.run(ThreadPoolExecutor.java:624)
	at java.lang.Thread.run(Thread.java:748)
... Removed 16 stack frames</pre></div><a href='#' onClick='toggleBox("stack-trace1333836045", this, "Click to show all stack frames", "Click to hide stack frames")'>Click to show all stack frames</a>
<div class='stack-trace' id='stack-trace1333836045'><pre>java.lang.AssertionError: expected [400] but found [200]
	at org.testng.Assert.fail(Assert.java:96)
	at org.testng.Assert.failNotEquals(Assert.java:776)
	at org.testng.Assert.assertEqualsImpl(Assert.java:137)
	at org.testng.Assert.assertEquals(Assert.java:118)
	at org.testng.Assert.assertEquals(Assert.java:652)
	at org.testng.Assert.assertEquals(Assert.java:662)
	at apiCalls.Location.getLocation(Location.java:32)
	at tests.location.LocationAPITests.getLocationMissingParam(LocationAPITests.java:69)
	at sun.reflect.NativeMethodAccessorImpl.invoke0(Native Method)
	at sun.reflect.NativeMethodAccessorImpl.invoke(NativeMethodAccessorImpl.java:62)
	at sun.reflect.DelegatingMethodAccessorImpl.invoke(DelegatingMethodAccessorImpl.java:43)
	at java.lang.reflect.Method.invoke(Method.java:498)
	at org.testng.internal.MethodInvocationHelper.invokeMethod(MethodInvocationHelper.java:124)
	at org.testng.internal.Invoker.invokeMethod(Invoker.java:583)
	at org.testng.internal.Invoker.invokeTestMethod(Invoker.java:719)
	at org.testng.internal.Invoker.invokeTestMethods(Invoker.java:989)
	at org.testng.internal.TestMethodWorker.invokeTestMethods(TestMethodWorker.java:125)
	at org.testng.internal.TestMethodWorker.run(TestMethodWorker.java:109)
	at java.util.concurrent.ThreadPoolExecutor.runWorker(ThreadPoolExecutor.java:1149)
	at java.util.concurrent.ThreadPoolExecutor$Worker.run(ThreadPoolExecutor.java:624)
	at java.lang.Thread.run(Thread.java:748)
</pre></div></td>
<td>0</td>
<td>tests.location.LocationAPITests@66a3ffec</td></tr>
<tr>
<td title='tests.location.LocationAPITests.getLocationWithName()'><b>getLocationWithName</b><br>Test class: tests.location.LocationAPITests<br>Test method: This test case is to validate get location with name<br>Parameters: NAGARAJA_GARDEN</td>
<td><div><pre>java.lang.AssertionError: expected [zomato_place] but found [city]
	at tests.location.LocationAPITests.validateLocationData(LocationAPITests.java:74)
	at tests.location.LocationAPITests.getLocationWithName(LocationAPITests.java:44)
	at java.util.concurrent.ThreadPoolExecutor.runWorker(ThreadPoolExecutor.java:1149)
	at java.util.concurrent.ThreadPoolExecutor$Worker.run(ThreadPoolExecutor.java:624)
	at java.lang.Thread.run(Thread.java:748)
... Removed 16 stack frames</pre></div><a href='#' onClick='toggleBox("stack-trace606204603", this, "Click to show all stack frames", "Click to hide stack frames")'>Click to show all stack frames</a>
<div class='stack-trace' id='stack-trace606204603'><pre>java.lang.AssertionError: expected [zomato_place] but found [city]
	at org.testng.Assert.fail(Assert.java:96)
	at org.testng.Assert.failNotEquals(Assert.java:776)
	at org.testng.Assert.assertEqualsImpl(Assert.java:137)
	at org.testng.Assert.assertEquals(Assert.java:118)
	at org.testng.Assert.assertEquals(Assert.java:453)
	at org.testng.Assert.assertEquals(Assert.java:463)
	at tests.location.LocationAPITests.validateLocationData(LocationAPITests.java:74)
	at tests.location.LocationAPITests.getLocationWithName(LocationAPITests.java:44)
	at sun.reflect.NativeMethodAccessorImpl.invoke0(Native Method)
	at sun.reflect.NativeMethodAccessorImpl.invoke(NativeMethodAccessorImpl.java:62)
	at sun.reflect.DelegatingMethodAccessorImpl.invoke(DelegatingMethodAccessorImpl.java:43)
	at java.lang.reflect.Method.invoke(Method.java:498)
	at org.testng.internal.MethodInvocationHelper.invokeMethod(MethodInvocationHelper.java:124)
	at org.testng.internal.Invoker.invokeMethod(Invoker.java:583)
	at org.testng.internal.Invoker.invokeTestMethod(Invoker.java:719)
	at org.testng.internal.Invoker.invokeTestMethods(Invoker.java:989)
	at org.testng.internal.TestMethodWorker.invokeTestMethods(TestMethodWorker.java:125)
	at org.testng.internal.TestMethodWorker.run(TestMethodWorker.java:109)
	at java.util.concurrent.ThreadPoolExecutor.runWorker(ThreadPoolExecutor.java:1149)
	at java.util.concurrent.ThreadPoolExecutor$Worker.run(ThreadPoolExecutor.java:624)
	at java.lang.Thread.run(Thread.java:748)
</pre></div></td>
<td>0</td>
<td>tests.location.LocationAPITests@66a3ffec</td></tr>
<tr>
<td title='tests.restaurant.RestaurantApiTest.getRestaurantReviewNegativeCases()'><b>getRestaurantReviewNegativeCases</b><br>Test class: tests.restaurant.RestaurantApiTest<br>Test method: This test case is to validate Positive cases for Review API<br>Parameters: res_id, abc</td>
<td><div><pre>java.lang.AssertionError: expected [400] but found [500]
	at apiCalls.Location.getRestaurantReview(Location.java:80)
	at tests.restaurant.RestaurantApiTest.getRestaurantReviewNegativeCases(RestaurantApiTest.java:69)
	at java.util.concurrent.ThreadPoolExecutor.runWorker(ThreadPoolExecutor.java:1149)
	at java.util.concurrent.ThreadPoolExecutor$Worker.run(ThreadPoolExecutor.java:624)
	at java.lang.Thread.run(Thread.java:748)
... Removed 16 stack frames</pre></div><a href='#' onClick='toggleBox("stack-trace133967737", this, "Click to show all stack frames", "Click to hide stack frames")'>Click to show all stack frames</a>
<div class='stack-trace' id='stack-trace133967737'><pre>java.lang.AssertionError: expected [400] but found [500]
	at org.testng.Assert.fail(Assert.java:96)
	at org.testng.Assert.failNotEquals(Assert.java:776)
	at org.testng.Assert.assertEqualsImpl(Assert.java:137)
	at org.testng.Assert.assertEquals(Assert.java:118)
	at org.testng.Assert.assertEquals(Assert.java:652)
	at org.testng.Assert.assertEquals(Assert.java:662)
	at apiCalls.Location.getRestaurantReview(Location.java:80)
	at tests.restaurant.RestaurantApiTest.getRestaurantReviewNegativeCases(RestaurantApiTest.java:69)
	at sun.reflect.NativeMethodAccessorImpl.invoke0(Native Method)
	at sun.reflect.NativeMethodAccessorImpl.invoke(NativeMethodAccessorImpl.java:62)
	at sun.reflect.DelegatingMethodAccessorImpl.invoke(DelegatingMethodAccessorImpl.java:43)
	at java.lang.reflect.Method.invoke(Method.java:498)
	at org.testng.internal.MethodInvocationHelper.invokeMethod(MethodInvocationHelper.java:124)
	at org.testng.internal.Invoker.invokeMethod(Invoker.java:583)
	at org.testng.internal.Invoker.invokeTestMethod(Invoker.java:719)
	at org.testng.internal.Invoker.invokeTestMethods(Invoker.java:989)
	at org.testng.internal.TestMethodWorker.invokeTestMethods(TestMethodWorker.java:125)
	at org.testng.internal.TestMethodWorker.run(TestMethodWorker.java:109)
	at java.util.concurrent.ThreadPoolExecutor.runWorker(ThreadPoolExecutor.java:1149)
	at java.util.concurrent.ThreadPoolExecutor$Worker.run(ThreadPoolExecutor.java:624)
	at java.lang.Thread.run(Thread.java:748)
</pre></div></td>
<td>2</td>
<td>tests.restaurant.RestaurantApiTest@6f7fd0e6</td></tr>
<tr>
<td title='tests.restaurant.RestaurantApiTest.getRestaurantReviewNegativeCases()'><b>getRestaurantReviewNegativeCases</b><br>Test class: tests.restaurant.RestaurantApiTest<br>Test method: This test case is to validate Positive cases for Review API<br>Parameters: count, 10</td>
<td><div><pre>java.lang.AssertionError: expected [400] but found [200]
	at apiCalls.Location.getRestaurantReview(Location.java:80)
	at tests.restaurant.RestaurantApiTest.getRestaurantReviewNegativeCases(RestaurantApiTest.java:69)
	at java.util.concurrent.ThreadPoolExecutor.runWorker(ThreadPoolExecutor.java:1149)
	at java.util.concurrent.ThreadPoolExecutor$Worker.run(ThreadPoolExecutor.java:624)
	at java.lang.Thread.run(Thread.java:748)
... Removed 16 stack frames</pre></div><a href='#' onClick='toggleBox("stack-trace149796182", this, "Click to show all stack frames", "Click to hide stack frames")'>Click to show all stack frames</a>
<div class='stack-trace' id='stack-trace149796182'><pre>java.lang.AssertionError: expected [400] but found [200]
	at org.testng.Assert.fail(Assert.java:96)
	at org.testng.Assert.failNotEquals(Assert.java:776)
	at org.testng.Assert.assertEqualsImpl(Assert.java:137)
	at org.testng.Assert.assertEquals(Assert.java:118)
	at org.testng.Assert.assertEquals(Assert.java:652)
	at org.testng.Assert.assertEquals(Assert.java:662)
	at apiCalls.Location.getRestaurantReview(Location.java:80)
	at tests.restaurant.RestaurantApiTest.getRestaurantReviewNegativeCases(RestaurantApiTest.java:69)
	at sun.reflect.NativeMethodAccessorImpl.invoke0(Native Method)
	at sun.reflect.NativeMethodAccessorImpl.invoke(NativeMethodAccessorImpl.java:62)
	at sun.reflect.DelegatingMethodAccessorImpl.invoke(DelegatingMethodAccessorImpl.java:43)
	at java.lang.reflect.Method.invoke(Method.java:498)
	at org.testng.internal.MethodInvocationHelper.invokeMethod(MethodInvocationHelper.java:124)
	at org.testng.internal.Invoker.invokeMethod(Invoker.java:583)
	at org.testng.internal.Invoker.invokeTestMethod(Invoker.java:719)
	at org.testng.internal.Invoker.invokeTestMethods(Invoker.java:989)
	at org.testng.internal.TestMethodWorker.invokeTestMethods(TestMethodWorker.java:125)
	at org.testng.internal.TestMethodWorker.run(TestMethodWorker.java:109)
	at java.util.concurrent.ThreadPoolExecutor.runWorker(ThreadPoolExecutor.java:1149)
	at java.util.concurrent.ThreadPoolExecutor$Worker.run(ThreadPoolExecutor.java:624)
	at java.lang.Thread.run(Thread.java:748)
</pre></div></td>
<td>1</td>
<td>tests.restaurant.RestaurantApiTest@6f7fd0e6</td></tr>
<tr>
<td title='tests.restaurant.RestaurantApiTest.getRestaurantReviewNegativeCases()'><b>getRestaurantReviewNegativeCases</b><br>Test class: tests.restaurant.RestaurantApiTest<br>Test method: This test case is to validate Positive cases for Review API<br>Parameters: start, 10</td>
<td><div><pre>java.lang.AssertionError: expected [400] but found [200]
	at apiCalls.Location.getRestaurantReview(Location.java:80)
	at tests.restaurant.RestaurantApiTest.getRestaurantReviewNegativeCases(RestaurantApiTest.java:69)
	at java.util.concurrent.ThreadPoolExecutor.runWorker(ThreadPoolExecutor.java:1149)
	at java.util.concurrent.ThreadPoolExecutor$Worker.run(ThreadPoolExecutor.java:624)
	at java.lang.Thread.run(Thread.java:748)
... Removed 16 stack frames</pre></div><a href='#' onClick='toggleBox("stack-trace885199095", this, "Click to show all stack frames", "Click to hide stack frames")'>Click to show all stack frames</a>
<div class='stack-trace' id='stack-trace885199095'><pre>java.lang.AssertionError: expected [400] but found [200]
	at org.testng.Assert.fail(Assert.java:96)
	at org.testng.Assert.failNotEquals(Assert.java:776)
	at org.testng.Assert.assertEqualsImpl(Assert.java:137)
	at org.testng.Assert.assertEquals(Assert.java:118)
	at org.testng.Assert.assertEquals(Assert.java:652)
	at org.testng.Assert.assertEquals(Assert.java:662)
	at apiCalls.Location.getRestaurantReview(Location.java:80)
	at tests.restaurant.RestaurantApiTest.getRestaurantReviewNegativeCases(RestaurantApiTest.java:69)
	at sun.reflect.NativeMethodAccessorImpl.invoke0(Native Method)
	at sun.reflect.NativeMethodAccessorImpl.invoke(NativeMethodAccessorImpl.java:62)
	at sun.reflect.DelegatingMethodAccessorImpl.invoke(DelegatingMethodAccessorImpl.java:43)
	at java.lang.reflect.Method.invoke(Method.java:498)
	at org.testng.internal.MethodInvocationHelper.invokeMethod(MethodInvocationHelper.java:124)
	at org.testng.internal.Invoker.invokeMethod(Invoker.java:583)
	at org.testng.internal.Invoker.invokeTestMethod(Invoker.java:719)
	at org.testng.internal.Invoker.invokeTestMethods(Invoker.java:989)
	at org.testng.internal.TestMethodWorker.invokeTestMethods(TestMethodWorker.java:125)
	at org.testng.internal.TestMethodWorker.run(TestMethodWorker.java:109)
	at java.util.concurrent.ThreadPoolExecutor.runWorker(ThreadPoolExecutor.java:1149)
	at java.util.concurrent.ThreadPoolExecutor$Worker.run(ThreadPoolExecutor.java:624)
	at java.lang.Thread.run(Thread.java:748)
</pre></div></td>
<td>1</td>
<td>tests.restaurant.RestaurantApiTest@6f7fd0e6</td></tr>
<tr>
<td title='tests.restaurant.SearchApiTest.searchByInvalidLocation()'><b>searchByInvalidLocation</b><br>Test class: tests.restaurant.SearchApiTest<br>Test method: This test case is to validate search api where invalid entity id is passed in request</td>
<td><div><pre>java.lang.AssertionError: expected [400] but found [200]
	at apiCalls.Location.searchRestaurant(Location.java:56)
	at tests.restaurant.SearchApiTest.searchByInvalidLocation(SearchApiTest.java:41)
	at java.util.concurrent.ThreadPoolExecutor.runWorker(ThreadPoolExecutor.java:1149)
	at java.util.concurrent.ThreadPoolExecutor$Worker.run(ThreadPoolExecutor.java:624)
	at java.lang.Thread.run(Thread.java:748)
... Removed 16 stack frames</pre></div><a href='#' onClick='toggleBox("stack-trace616852275", this, "Click to show all stack frames", "Click to hide stack frames")'>Click to show all stack frames</a>
<div class='stack-trace' id='stack-trace616852275'><pre>java.lang.AssertionError: expected [400] but found [200]
	at org.testng.Assert.fail(Assert.java:96)
	at org.testng.Assert.failNotEquals(Assert.java:776)
	at org.testng.Assert.assertEqualsImpl(Assert.java:137)
	at org.testng.Assert.assertEquals(Assert.java:118)
	at org.testng.Assert.assertEquals(Assert.java:652)
	at org.testng.Assert.assertEquals(Assert.java:662)
	at apiCalls.Location.searchRestaurant(Location.java:56)
	at tests.restaurant.SearchApiTest.searchByInvalidLocation(SearchApiTest.java:41)
	at sun.reflect.NativeMethodAccessorImpl.invoke0(Native Method)
	at sun.reflect.NativeMethodAccessorImpl.invoke(NativeMethodAccessorImpl.java:62)
	at sun.reflect.DelegatingMethodAccessorImpl.invoke(DelegatingMethodAccessorImpl.java:43)
	at java.lang.reflect.Method.invoke(Method.java:498)
	at org.testng.internal.MethodInvocationHelper.invokeMethod(MethodInvocationHelper.java:124)
	at org.testng.internal.Invoker.invokeMethod(Invoker.java:583)
	at org.testng.internal.Invoker.invokeTestMethod(Invoker.java:719)
	at org.testng.internal.Invoker.invokeTestMethods(Invoker.java:989)
	at org.testng.internal.TestMethodWorker.invokeTestMethods(TestMethodWorker.java:125)
	at org.testng.internal.TestMethodWorker.run(TestMethodWorker.java:109)
	at java.util.concurrent.ThreadPoolExecutor.runWorker(ThreadPoolExecutor.java:1149)
	at java.util.concurrent.ThreadPoolExecutor$Worker.run(ThreadPoolExecutor.java:624)
	at java.lang.Thread.run(Thread.java:748)
</pre></div></td>
<td>3</td>
<td>tests.restaurant.SearchApiTest@47c62251</td></tr>
</table><p>
<table width='100%' border='1' class='invocation-passed'>
<tr><td colspan='4' align='center'><b>PASSED TESTS</b></td></tr>
<tr><td><b>Test method</b></td>
<td width="30%"><b>Exception</b></td>
<td width="10%"><b>Time (seconds)</b></td>
<td><b>Instance</b></td>
</tr>
<tr>
<td title='tests.commonAPI.CommonAPITests.getCategoriesTest()'><b>getCategoriesTest</b><br>Test class: tests.commonAPI.CommonAPITests<br>Test method: This test case is to validate get Categories API to positive flow. We will validate the schema as well</td>
<td></td>
<td>1</td>
<td>tests.commonAPI.CommonAPITests@77caeb3e</td></tr>
<tr>
<td title='tests.commonAPI.CommonAPITests.getCityWithDiffCount()'><b>getCityWithDiffCount</b><br>Test class: tests.commonAPI.CommonAPITests<br>Test method: This test case is to validate get City when count param is passed in request<br>Parameters: q, Ba, 2, 2</td>
<td></td>
<td>0</td>
<td>tests.commonAPI.CommonAPITests@77caeb3e</td></tr>
<tr>
<td title='tests.commonAPI.CommonAPITests.getCityWithDiffParam()'><b>getCityWithDiffParam</b><br>Test class: tests.commonAPI.CommonAPITests<br>Parameters: q, a, 0</td>
<td></td>
<td>0</td>
<td>tests.commonAPI.CommonAPITests@77caeb3e</td></tr>
<tr>
<td title='tests.commonAPI.CommonAPITests.getCityWithDiffParam()'><b>getCityWithDiffParam</b><br>Test class: tests.commonAPI.CommonAPITests<br>Parameters: q, haryana, 0</td>
<td></td>
<td>0</td>
<td>tests.commonAPI.CommonAPITests@77caeb3e</td></tr>
<tr>
<td title='tests.commonAPI.CommonAPITests.getCityWithDiffParam()'><b>getCityWithDiffParam</b><br>Test class: tests.commonAPI.CommonAPITests<br>Parameters: q, null, 0</td>
<td></td>
<td>0</td>
<td>tests.commonAPI.CommonAPITests@77caeb3e</td></tr>
<tr>
<td title='tests.commonAPI.CommonAPITests.getCityWithDiffParam()'><b>getCityWithDiffParam</b><br>Test class: tests.commonAPI.CommonAPITests<br>Parameters: q, null, 0</td>
<td></td>
<td>0</td>
<td>tests.commonAPI.CommonAPITests@77caeb3e</td></tr>
<tr>
<td title='tests.commonAPI.CommonAPITests.getCityWithDiffParam()'><b>getCityWithDiffParam</b><br>Test class: tests.commonAPI.CommonAPITests<br>Parameters: q,  H  I  S  A  R, 1</td>
<td></td>
<td>0</td>
<td>tests.commonAPI.CommonAPITests@77caeb3e</td></tr>
<tr>
<td title='tests.commonAPI.CommonAPITests.getCityWithDiffParam()'><b>getCityWithDiffParam</b><br>Test class: tests.commonAPI.CommonAPITests<br>Parameters: city_ids, a, 0</td>
<td></td>
<td>0</td>
<td>tests.commonAPI.CommonAPITests@77caeb3e</td></tr>
<tr>
<td title='tests.commonAPI.CommonAPITests.getCityWithDiffParam()'><b>getCityWithDiffParam</b><br>Test class: tests.commonAPI.CommonAPITests<br>Parameters: city_ids, -1, 0</td>
<td></td>
<td>1</td>
<td>tests.commonAPI.CommonAPITests@77caeb3e</td></tr>
<tr>
<td title='tests.commonAPI.CommonAPITests.getCityWithDiffParam()'><b>getCityWithDiffParam</b><br>Test class: tests.commonAPI.CommonAPITests<br>Parameters: city_ids, 1.0, 1</td>
<td></td>
<td>0</td>
<td>tests.commonAPI.CommonAPITests@77caeb3e</td></tr>
<tr>
<td title='tests.commonAPI.CommonAPITests.getCityWithDiffParam()'><b>getCityWithDiffParam</b><br>Test class: tests.commonAPI.CommonAPITests<br>Parameters: city_ids, 0, 0</td>
<td></td>
<td>0</td>
<td>tests.commonAPI.CommonAPITests@77caeb3e</td></tr>
<tr>
<td title='tests.commonAPI.CommonAPITests.getCityWithDiffParam()'><b>getCityWithDiffParam</b><br>Test class: tests.commonAPI.CommonAPITests<br>Parameters: city_ids, 1234543212, 0</td>
<td></td>
<td>0</td>
<td>tests.commonAPI.CommonAPITests@77caeb3e</td></tr>
<tr>
<td title='tests.commonAPI.CommonAPITests.getCityWithIdAndName()'><b>getCityWithIdAndName</b><br>Test class: tests.commonAPI.CommonAPITests<br>Test method: This test case is validate get city name when invalid qParam is passed in request<br>Parameters: BANGALORE</td>
<td></td>
<td>0</td>
<td>tests.commonAPI.CommonAPITests@77caeb3e</td></tr>
<tr>
<td title='tests.commonAPI.CommonAPITests.getCityWithIdAndName()'><b>getCityWithIdAndName</b><br>Test class: tests.commonAPI.CommonAPITests<br>Test method: This test case is validate get city name when invalid qParam is passed in request<br>Parameters: DELHI</td>
<td></td>
<td>1</td>
<td>tests.commonAPI.CommonAPITests@77caeb3e</td></tr>
<tr>
<td title='tests.commonAPI.CommonAPITests.getCityWithIdAndName()'><b>getCityWithIdAndName</b><br>Test class: tests.commonAPI.CommonAPITests<br>Test method: This test case is validate get city name when invalid qParam is passed in request<br>Parameters: MUMBAI</td>
<td></td>
<td>0</td>
<td>tests.commonAPI.CommonAPITests@77caeb3e</td></tr>
<tr>
<td title='tests.commonAPI.CommonAPITests.getCityWithIdAndName()'><b>getCityWithIdAndName</b><br>Test class: tests.commonAPI.CommonAPITests<br>Test method: This test case is validate get city name when invalid qParam is passed in request<br>Parameters: NEW_YORK</td>
<td></td>
<td>0</td>
<td>tests.commonAPI.CommonAPITests@77caeb3e</td></tr>
<tr>
<td title='tests.commonAPI.CommonAPITests.getCityWithIdOnly()'><b>getCityWithIdOnly</b><br>Test class: tests.commonAPI.CommonAPITests<br>Test method: This test case is to validate get city With ID positive scenarios<br>Parameters: BANGALORE</td>
<td></td>
<td>0</td>
<td>tests.commonAPI.CommonAPITests@77caeb3e</td></tr>
<tr>
<td title='tests.commonAPI.CommonAPITests.getCityWithIdOnly()'><b>getCityWithIdOnly</b><br>Test class: tests.commonAPI.CommonAPITests<br>Test method: This test case is to validate get city With ID positive scenarios<br>Parameters: DELHI</td>
<td></td>
<td>0</td>
<td>tests.commonAPI.CommonAPITests@77caeb3e</td></tr>
<tr>
<td title='tests.commonAPI.CommonAPITests.getCityWithIdOnly()'><b>getCityWithIdOnly</b><br>Test class: tests.commonAPI.CommonAPITests<br>Test method: This test case is to validate get city With ID positive scenarios<br>Parameters: MUMBAI</td>
<td></td>
<td>0</td>
<td>tests.commonAPI.CommonAPITests@77caeb3e</td></tr>
<tr>
<td title='tests.commonAPI.CommonAPITests.getCityWithIdOnly()'><b>getCityWithIdOnly</b><br>Test class: tests.commonAPI.CommonAPITests<br>Test method: This test case is to validate get city With ID positive scenarios<br>Parameters: NEW_YORK</td>
<td></td>
<td>0</td>
<td>tests.commonAPI.CommonAPITests@77caeb3e</td></tr>
<tr>
<td title='tests.commonAPI.CommonAPITests.getCityWithLocation()'><b>getCityWithLocation</b><br>Test class: tests.commonAPI.CommonAPITests<br>Test method: This Test case is to validate get City API when Location is passed in request<br>Parameters: BANGALORE</td>
<td></td>
<td>0</td>
<td>tests.commonAPI.CommonAPITests@77caeb3e</td></tr>
<tr>
<td title='tests.commonAPI.CommonAPITests.getCityWithLocation()'><b>getCityWithLocation</b><br>Test class: tests.commonAPI.CommonAPITests<br>Test method: This Test case is to validate get City API when Location is passed in request<br>Parameters: DELHI</td>
<td></td>
<td>0</td>
<td>tests.commonAPI.CommonAPITests@77caeb3e</td></tr>
<tr>
<td title='tests.commonAPI.CommonAPITests.getCityWithLocation()'><b>getCityWithLocation</b><br>Test class: tests.commonAPI.CommonAPITests<br>Test method: This Test case is to validate get City API when Location is passed in request<br>Parameters: MUMBAI</td>
<td></td>
<td>1</td>
<td>tests.commonAPI.CommonAPITests@77caeb3e</td></tr>
<tr>
<td title='tests.commonAPI.CommonAPITests.getCityWithLocation()'><b>getCityWithLocation</b><br>Test class: tests.commonAPI.CommonAPITests<br>Test method: This Test case is to validate get City API when Location is passed in request<br>Parameters: NEW_YORK</td>
<td></td>
<td>0</td>
<td>tests.commonAPI.CommonAPITests@77caeb3e</td></tr>
<tr>
<td title='tests.commonAPI.CommonAPITests.getCityWithName()'><b>getCityWithName</b><br>Test class: tests.commonAPI.CommonAPITests<br>Test method: This test case is to validate get city With name positive scenarios<br>Parameters: BANGALORE</td>
<td></td>
<td>0</td>
<td>tests.commonAPI.CommonAPITests@77caeb3e</td></tr>
<tr>
<td title='tests.commonAPI.CommonAPITests.getCityWithName()'><b>getCityWithName</b><br>Test class: tests.commonAPI.CommonAPITests<br>Test method: This test case is to validate get city With name positive scenarios<br>Parameters: DELHI</td>
<td></td>
<td>0</td>
<td>tests.commonAPI.CommonAPITests@77caeb3e</td></tr>
<tr>
<td title='tests.commonAPI.CommonAPITests.getCityWithName()'><b>getCityWithName</b><br>Test class: tests.commonAPI.CommonAPITests<br>Test method: This test case is to validate get city With name positive scenarios<br>Parameters: MUMBAI</td>
<td></td>
<td>0</td>
<td>tests.commonAPI.CommonAPITests@77caeb3e</td></tr>
<tr>
<td title='tests.commonAPI.CommonAPITests.getCityWithName()'><b>getCityWithName</b><br>Test class: tests.commonAPI.CommonAPITests<br>Test method: This test case is to validate get city With name positive scenarios<br>Parameters: NEW_YORK</td>
<td></td>
<td>0</td>
<td>tests.commonAPI.CommonAPITests@77caeb3e</td></tr>
<tr>
<td title='tests.commonAPI.CommonAPITests.getCollectionWithCityId()'><b>getCollectionWithCityId</b><br>Test class: tests.commonAPI.CommonAPITests<br>Test method: This test case is to validate get collection API to positive flow. We will validate the schema as well<br>Parameters: BANGALORE</td>
<td></td>
<td>0</td>
<td>tests.commonAPI.CommonAPITests@77caeb3e</td></tr>
<tr>
<td title='tests.commonAPI.CommonAPITests.getCollectionWithCityId()'><b>getCollectionWithCityId</b><br>Test class: tests.commonAPI.CommonAPITests<br>Test method: This test case is to validate get collection API to positive flow. We will validate the schema as well<br>Parameters: DELHI</td>
<td></td>
<td>1</td>
<td>tests.commonAPI.CommonAPITests@77caeb3e</td></tr>
<tr>
<td title='tests.commonAPI.CommonAPITests.getCollectionWithCityId()'><b>getCollectionWithCityId</b><br>Test class: tests.commonAPI.CommonAPITests<br>Test method: This test case is to validate get collection API to positive flow. We will validate the schema as well<br>Parameters: MUMBAI</td>
<td></td>
<td>0</td>
<td>tests.commonAPI.CommonAPITests@77caeb3e</td></tr>
<tr>
<td title='tests.commonAPI.CommonAPITests.getCollectionWithCityId()'><b>getCollectionWithCityId</b><br>Test class: tests.commonAPI.CommonAPITests<br>Test method: This test case is to validate get collection API to positive flow. We will validate the schema as well<br>Parameters: NEW_YORK</td>
<td></td>
<td>0</td>
<td>tests.commonAPI.CommonAPITests@77caeb3e</td></tr>
<tr>
<td title='tests.commonAPI.CommonAPITests.getCollectionWithInvalidQParam()'><b>getCollectionWithInvalidQParam</b><br>Test class: tests.commonAPI.CommonAPITests<br>Test method: This test case is to validate get collection API to positive flow with location in request. We will validate the schema as well<br>Parameters: MoMM, Ba</td>
<td></td>
<td>0</td>
<td>tests.commonAPI.CommonAPITests@77caeb3e</td></tr>
<tr>
<td title='tests.commonAPI.CommonAPITests.getCollectionWithInvalidQParam()'><b>getCollectionWithInvalidQParam</b><br>Test class: tests.commonAPI.CommonAPITests<br>Test method: This test case is to validate get collection API to positive flow with location in request. We will validate the schema as well<br>Parameters: HPp, 1</td>
<td></td>
<td>0</td>
<td>tests.commonAPI.CommonAPITests@77caeb3e</td></tr>
<tr>
<td title='tests.commonAPI.CommonAPITests.getCollectionWithLocation()'><b>getCollectionWithLocation</b><br>Test class: tests.commonAPI.CommonAPITests<br>Test method: This test case is to validate get collection API to positive flow with location in request. We will validate the schema as well<br>Parameters: BANGALORE</td>
<td></td>
<td>0</td>
<td>tests.commonAPI.CommonAPITests@77caeb3e</td></tr>
<tr>
<td title='tests.commonAPI.CommonAPITests.getCollectionWithLocation()'><b>getCollectionWithLocation</b><br>Test class: tests.commonAPI.CommonAPITests<br>Test method: This test case is to validate get collection API to positive flow with location in request. We will validate the schema as well<br>Parameters: DELHI</td>
<td></td>
<td>0</td>
<td>tests.commonAPI.CommonAPITests@77caeb3e</td></tr>
<tr>
<td title='tests.commonAPI.CommonAPITests.getCollectionWithLocation()'><b>getCollectionWithLocation</b><br>Test class: tests.commonAPI.CommonAPITests<br>Test method: This test case is to validate get collection API to positive flow with location in request. We will validate the schema as well<br>Parameters: MUMBAI</td>
<td></td>
<td>0</td>
<td>tests.commonAPI.CommonAPITests@77caeb3e</td></tr>
<tr>
<td title='tests.commonAPI.CommonAPITests.getCollectionWithLocation()'><b>getCollectionWithLocation</b><br>Test class: tests.commonAPI.CommonAPITests<br>Test method: This test case is to validate get collection API to positive flow with location in request. We will validate the schema as well<br>Parameters: NEW_YORK</td>
<td></td>
<td>0</td>
<td>tests.commonAPI.CommonAPITests@77caeb3e</td></tr>
<tr>
<td title='tests.location.LocationAPITests.getLocationWithCoordinate()'><b>getLocationWithCoordinate</b><br>Test class: tests.location.LocationAPITests<br>Test method: This test case is to validate get location when location coordinate is sent in request positive scenarios<br>Parameters: KORAMANGALA_1ST_BLOCK_BANGALORE</td>
<td></td>
<td>1</td>
<td>tests.location.LocationAPITests@66a3ffec</td></tr>
<tr>
<td title='tests.location.LocationAPITests.getLocationWithCoordinate()'><b>getLocationWithCoordinate</b><br>Test class: tests.location.LocationAPITests<br>Test method: This test case is to validate get location when location coordinate is sent in request positive scenarios<br>Parameters: NAGARAJA_GARDEN</td>
<td></td>
<td>0</td>
<td>tests.location.LocationAPITests@66a3ffec</td></tr>
<tr>
<td title='tests.location.LocationAPITests.getLocationWithCoordinate()'><b>getLocationWithCoordinate</b><br>Test class: tests.location.LocationAPITests<br>Test method: This test case is to validate get location when location coordinate is sent in request positive scenarios<br>Parameters: KORAMANGALA_BANGALORE</td>
<td></td>
<td>1</td>
<td>tests.location.LocationAPITests@66a3ffec</td></tr>
<tr>
<td title='tests.location.LocationAPITests.getLocationWithCoordinate()'><b>getLocationWithCoordinate</b><br>Test class: tests.location.LocationAPITests<br>Test method: This test case is to validate get location when location coordinate is sent in request positive scenarios<br>Parameters: NAGPUR</td>
<td></td>
<td>1</td>
<td>tests.location.LocationAPITests@66a3ffec</td></tr>
<tr>
<td title='tests.location.LocationAPITests.getLocationWithName()'><b>getLocationWithName</b><br>Test class: tests.location.LocationAPITests<br>Test method: This test case is to validate get location with name<br>Parameters: KORAMANGALA_1ST_BLOCK_BANGALORE</td>
<td></td>
<td>0</td>
<td>tests.location.LocationAPITests@66a3ffec</td></tr>
<tr>
<td title='tests.location.LocationAPITests.getLocationWithName()'><b>getLocationWithName</b><br>Test class: tests.location.LocationAPITests<br>Test method: This test case is to validate get location with name<br>Parameters: KORAMANGALA_BANGALORE</td>
<td></td>
<td>1</td>
<td>tests.location.LocationAPITests@66a3ffec</td></tr>
<tr>
<td title='tests.location.LocationAPITests.getLocationWithName()'><b>getLocationWithName</b><br>Test class: tests.location.LocationAPITests<br>Test method: This test case is to validate get location with name<br>Parameters: NAGPUR</td>
<td></td>
<td>1</td>
<td>tests.location.LocationAPITests@66a3ffec</td></tr>
<tr>
<td title='tests.restaurant.RestaurantApiTest.getRestaurantById()'><b>getRestaurantById</b><br>Test class: tests.restaurant.RestaurantApiTest<br>Parameters: KORAMANGALA_1ST_BLOCK_BANGALORE</td>
<td></td>
<td>13</td>
<td>tests.restaurant.RestaurantApiTest@6f7fd0e6</td></tr>
<tr>
<td title='tests.restaurant.RestaurantApiTest.getRestaurantById()'><b>getRestaurantById</b><br>Test class: tests.restaurant.RestaurantApiTest<br>Parameters: NAGARAJA_GARDEN</td>
<td></td>
<td>9</td>
<td>tests.restaurant.RestaurantApiTest@6f7fd0e6</td></tr>
<tr>
<td title='tests.restaurant.RestaurantApiTest.getRestaurantById()'><b>getRestaurantById</b><br>Test class: tests.restaurant.RestaurantApiTest<br>Parameters: KORAMANGALA_BANGALORE</td>
<td></td>
<td>8</td>
<td>tests.restaurant.RestaurantApiTest@6f7fd0e6</td></tr>
<tr>
<td title='tests.restaurant.RestaurantApiTest.getRestaurantById()'><b>getRestaurantById</b><br>Test class: tests.restaurant.RestaurantApiTest<br>Parameters: NAGPUR</td>
<td></td>
<td>9</td>
<td>tests.restaurant.RestaurantApiTest@6f7fd0e6</td></tr>
<tr>
<td title='tests.restaurant.RestaurantApiTest.getRestaurantReview()'><b>getRestaurantReview</b><br>Test class: tests.restaurant.RestaurantApiTest<br>Test method: This test case is to validate Positive cases for Review API</td>
<td></td>
<td>13</td>
<td>tests.restaurant.RestaurantApiTest@6f7fd0e6</td></tr>
<tr>
<td title='tests.location.RestaurantInLocation.getRestaurantWithInvalidLocation()'><b>getRestaurantWithInvalidLocation</b><br>Test class: tests.location.RestaurantInLocation<br>Test method: This test case is to validate get restaurant  With invalid location scenarios<br>Parameters: KORAMANGALA_1ST_BLOCK_BANGALORE</td>
<td></td>
<td>0</td>
<td>tests.location.RestaurantInLocation@3e6fa38a</td></tr>
<tr>
<td title='tests.location.RestaurantInLocation.getRestaurantWithInvalidLocation()'><b>getRestaurantWithInvalidLocation</b><br>Test class: tests.location.RestaurantInLocation<br>Test method: This test case is to validate get restaurant  With invalid location scenarios<br>Parameters: NAGARAJA_GARDEN</td>
<td></td>
<td>0</td>
<td>tests.location.RestaurantInLocation@3e6fa38a</td></tr>
<tr>
<td title='tests.location.RestaurantInLocation.getRestaurantWithInvalidLocation()'><b>getRestaurantWithInvalidLocation</b><br>Test class: tests.location.RestaurantInLocation<br>Test method: This test case is to validate get restaurant  With invalid location scenarios<br>Parameters: KORAMANGALA_BANGALORE</td>
<td></td>
<td>0</td>
<td>tests.location.RestaurantInLocation@3e6fa38a</td></tr>
<tr>
<td title='tests.location.RestaurantInLocation.getRestaurantWithInvalidLocation()'><b>getRestaurantWithInvalidLocation</b><br>Test class: tests.location.RestaurantInLocation<br>Test method: This test case is to validate get restaurant  With invalid location scenarios<br>Parameters: NAGPUR</td>
<td></td>
<td>0</td>
<td>tests.location.RestaurantInLocation@3e6fa38a</td></tr>
<tr>
<td title='tests.location.RestaurantInLocation.getRestaurantWithLocation()'><b>getRestaurantWithLocation</b><br>Test class: tests.location.RestaurantInLocation<br>Test method: This test case is to validate get restaurant  With location positive scenarios<br>Parameters: KORAMANGALA_1ST_BLOCK_BANGALORE</td>
<td></td>
<td>1</td>
<td>tests.location.RestaurantInLocation@3e6fa38a</td></tr>
<tr>
<td title='tests.location.RestaurantInLocation.getRestaurantWithLocation()'><b>getRestaurantWithLocation</b><br>Test class: tests.location.RestaurantInLocation<br>Test method: This test case is to validate get restaurant  With location positive scenarios<br>Parameters: NAGARAJA_GARDEN</td>
<td></td>
<td>1</td>
<td>tests.location.RestaurantInLocation@3e6fa38a</td></tr>
<tr>
<td title='tests.location.RestaurantInLocation.getRestaurantWithLocation()'><b>getRestaurantWithLocation</b><br>Test class: tests.location.RestaurantInLocation<br>Test method: This test case is to validate get restaurant  With location positive scenarios<br>Parameters: KORAMANGALA_BANGALORE</td>
<td></td>
<td>1</td>
<td>tests.location.RestaurantInLocation@3e6fa38a</td></tr>
<tr>
<td title='tests.location.RestaurantInLocation.getRestaurantWithLocation()'><b>getRestaurantWithLocation</b><br>Test class: tests.location.RestaurantInLocation<br>Test method: This test case is to validate get restaurant  With location positive scenarios<br>Parameters: NAGPUR</td>
<td></td>
<td>1</td>
<td>tests.location.RestaurantInLocation@3e6fa38a</td></tr>
<tr>
<td title='tests.location.RestaurantInLocation.getRestaurantWithMissingParam()'><b>getRestaurantWithMissingParam</b><br>Test class: tests.location.RestaurantInLocation<br>Test method: This test case is to validate get restaurant  With location positive scenarios<br>Parameters: KORAMANGALA_1ST_BLOCK_BANGALORE</td>
<td></td>
<td>1</td>
<td>tests.location.RestaurantInLocation@3e6fa38a</td></tr>
<tr>
<td title='tests.location.RestaurantInLocation.getRestaurantWithMissingParam()'><b>getRestaurantWithMissingParam</b><br>Test class: tests.location.RestaurantInLocation<br>Test method: This test case is to validate get restaurant  With location positive scenarios<br>Parameters: NAGARAJA_GARDEN</td>
<td></td>
<td>0</td>
<td>tests.location.RestaurantInLocation@3e6fa38a</td></tr>
<tr>
<td title='tests.location.RestaurantInLocation.getRestaurantWithMissingParam()'><b>getRestaurantWithMissingParam</b><br>Test class: tests.location.RestaurantInLocation<br>Test method: This test case is to validate get restaurant  With location positive scenarios<br>Parameters: KORAMANGALA_BANGALORE</td>
<td></td>
<td>0</td>
<td>tests.location.RestaurantInLocation@3e6fa38a</td></tr>
<tr>
<td title='tests.location.RestaurantInLocation.getRestaurantWithMissingParam()'><b>getRestaurantWithMissingParam</b><br>Test class: tests.location.RestaurantInLocation<br>Test method: This test case is to validate get restaurant  With location positive scenarios<br>Parameters: NAGPUR</td>
<td></td>
<td>0</td>
<td>tests.location.RestaurantInLocation@3e6fa38a</td></tr>
<tr>
<td title='tests.restaurant.SearchApiTest.searchByCoordinate()'><b>searchByCoordinate</b><br>Test class: tests.restaurant.SearchApiTest<br>Test method: This test case is to validate Positive cases for Review API</td>
<td></td>
<td>4</td>
<td>tests.restaurant.SearchApiTest@47c62251</td></tr>
<tr>
<td title='tests.restaurant.SearchApiTest.searchByLocation()'><b>searchByLocation</b><br>Test class: tests.restaurant.SearchApiTest<br>Parameters: KORAMANGALA_1ST_BLOCK_BANGALORE</td>
<td></td>
<td>1</td>
<td>tests.restaurant.SearchApiTest@47c62251</td></tr>
<tr>
<td title='tests.restaurant.SearchApiTest.searchByLocation()'><b>searchByLocation</b><br>Test class: tests.restaurant.SearchApiTest<br>Parameters: NAGARAJA_GARDEN</td>
<td></td>
<td>1</td>
<td>tests.restaurant.SearchApiTest@47c62251</td></tr>
<tr>
<td title='tests.restaurant.SearchApiTest.searchByLocation()'><b>searchByLocation</b><br>Test class: tests.restaurant.SearchApiTest<br>Parameters: KORAMANGALA_BANGALORE</td>
<td></td>
<td>1</td>
<td>tests.restaurant.SearchApiTest@47c62251</td></tr>
<tr>
<td title='tests.restaurant.SearchApiTest.searchByLocation()'><b>searchByLocation</b><br>Test class: tests.restaurant.SearchApiTest<br>Parameters: NAGPUR</td>
<td></td>
<td>1</td>
<td>tests.restaurant.SearchApiTest@47c62251</td></tr>
</table><p>
</body>
</html>